# JRE version: OpenJDK Runtime Environment (11.0.6+10) (build 11.0.6+10-LTS)
# Java VM: OpenJDK 64-Bit Server VM (11.0.6+10-LTS, mixed mode, tiered, compressed oops, g1 gc, windows-amd64)
Heap:
 garbage-first heap   total 183296K, used 154368K [0x00000000a0000000, 0x0000000100000000)
  region size 1024K, 18 young (18432K), 3 survivors (3072K)
 Metaspace       used 98218K, capacity 100680K, committed 100812K, reserved 1136640K
  class space    used 12474K, capacity 13271K, committed 13312K, reserved 1048576K
GC Heap History (20 events):
Event: 51.439 GC heap before
{Heap before GC invocations=62 (full 0):
 garbage-first heap   total 152576K, used 126752K [0x00000000a0000000, 0x0000000100000000)
  region size 1024K, 13 young (13312K), 2 survivors (2048K)
 Metaspace       used 80355K, capacity 82287K, committed 82508K, reserved 1120256K
  class space    used 10211K, capacity 10872K, committed 10880K, reserved 1048576K
}
Event: 51.445 GC heap after
{Heap after GC invocations=63 (full 0):
 garbage-first heap   total 183296K, used 117291K [0x00000000a0000000, 0x0000000100000000)
  region size 1024K, 1 young (1024K), 1 survivors (1024K)
 Metaspace       used 80355K, capacity 82287K, committed 82508K, reserved 1120256K
  class space    used 10211K, capacity 10872K, committed 10880K, reserved 1048576K
}
Event: 53.244 GC heap before
{Heap before GC invocations=63 (full 0):
 garbage-first heap   total 183296K, used 140843K [0x00000000a0000000, 0x0000000100000000)
  region size 1024K, 25 young (25600K), 1 survivors (1024K)
 Metaspace       used 86602K, capacity 88751K, committed 89036K, reserved 1126400K
  class space    used 11167K, capacity 11919K, committed 12032K, reserved 1048576K
}
Event: 53.248 GC heap after
{Heap after GC invocations=64 (full 0):
 garbage-first heap   total 183296K, used 118071K [0x00000000a0000000, 0x0000000100000000)
  region size 1024K, 2 young (2048K), 2 survivors (2048K)
 Metaspace       used 86602K, capacity 88751K, committed 89036K, reserved 1126400K
  class space    used 11167K, capacity 11919K, committed 12032K, reserved 1048576K
}
Event: 54.131 GC heap before
{Heap before GC invocations=64 (full 0):
 garbage-first heap   total 183296K, used 143671K [0x00000000a0000000, 0x0000000100000000)
  region size 1024K, 28 young (28672K), 2 survivors (2048K)
 Metaspace       used 87273K, capacity 89361K, committed 89548K, reserved 1126400K
  class space    used 11260K, capacity 11992K, committed 12032K, reserved 1048576K
}
Event: 54.137 GC heap after
{Heap after GC invocations=65 (full 0):
 garbage-first heap   total 183296K, used 121845K [0x00000000a0000000, 0x0000000100000000)
  region size 1024K, 4 young (4096K), 4 survivors (4096K)
 Metaspace       used 87273K, capacity 89361K, committed 89548K, reserved 1126400K
  class space    used 11260K, capacity 11992K, committed 12032K, reserved 1048576K
}
Event: 55.063 GC heap before
{Heap before GC invocations=65 (full 0):
 garbage-first heap   total 183296K, used 148469K [0x00000000a0000000, 0x0000000100000000)
  region size 1024K, 29 young (29696K), 4 survivors (4096K)
 Metaspace       used 88296K, capacity 90395K, committed 90444K, reserved 1128448K
  class space    used 11377K, capacity 12111K, committed 12160K, reserved 1048576K
}
Event: 55.074 GC heap after
{Heap after GC invocations=66 (full 0):
 garbage-first heap   total 183296K, used 130272K [0x00000000a0000000, 0x0000000100000000)
  region size 1024K, 4 young (4096K), 4 survivors (4096K)
 Metaspace       used 88296K, capacity 90395K, committed 90444K, reserved 1128448K
  class space    used 11377K, capacity 12111K, committed 12160K, reserved 1048576K
}
Event: 56.024 GC heap before
{Heap before GC invocations=66 (full 0):
 garbage-first heap   total 183296K, used 149728K [0x00000000a0000000, 0x0000000100000000)
  region size 1024K, 24 young (24576K), 4 survivors (4096K)
 Metaspace       used 90525K, capacity 92635K, committed 92748K, reserved 1130496K
  class space    used 11673K, capacity 12403K, committed 12416K, reserved 1048576K
}
Event: 56.036 GC heap after
{Heap after GC invocations=67 (full 0):
 garbage-first heap   total 183296K, used 131087K [0x00000000a0000000, 0x0000000100000000)
  region size 1024K, 1 young (1024K), 1 survivors (1024K)
 Metaspace       used 90525K, capacity 92635K, committed 92748K, reserved 1130496K
  class space    used 11673K, capacity 12403K, committed 12416K, reserved 1048576K
}
Event: 58.044 GC heap before
{Heap before GC invocations=67 (full 0):
 garbage-first heap   total 183296K, used 152591K [0x00000000a0000000, 0x0000000100000000)
  region size 1024K, 21 young (21504K), 1 survivors (1024K)
 Metaspace       used 92572K, capacity 94726K, committed 94924K, reserved 1132544K
  class space    used 11952K, capacity 12760K, committed 12800K, reserved 1048576K
}
Event: 58.050 GC heap after
{Heap after GC invocations=68 (full 0):
 garbage-first heap   total 183296K, used 133042K [0x00000000a0000000, 0x0000000100000000)
  region size 1024K, 3 young (3072K), 3 survivors (3072K)
 Metaspace       used 92572K, capacity 94726K, committed 94924K, reserved 1132544K
  class space    used 11952K, capacity 12760K, committed 12800K, reserved 1048576K
}
Event: 58.831 GC heap before
{Heap before GC invocations=68 (full 0):
 garbage-first heap   total 183296K, used 153522K [0x00000000a0000000, 0x0000000100000000)
  region size 1024K, 23 young (23552K), 3 survivors (3072K)
 Metaspace       used 93671K, capacity 96030K, committed 96204K, reserved 1132544K
  class space    used 12133K, capacity 12949K, committed 13056K, reserved 1048576K
}
Event: 58.837 GC heap after
{Heap after GC invocations=69 (full 0):
 garbage-first heap   total 183296K, used 134807K [0x00000000a0000000, 0x0000000100000000)
  region size 1024K, 2 young (2048K), 2 survivors (2048K)
 Metaspace       used 93671K, capacity 96030K, committed 96204K, reserved 1132544K
  class space    used 12133K, capacity 12949K, committed 13056K, reserved 1048576K
}
Event: 59.946 GC heap before
{Heap before GC invocations=69 (full 0):
 garbage-first heap   total 183296K, used 154263K [0x00000000a0000000, 0x0000000100000000)
  region size 1024K, 22 young (22528K), 2 survivors (2048K)
 Metaspace       used 97417K, capacity 99883K, committed 100044K, reserved 1136640K
  class space    used 12457K, capacity 13255K, committed 13312K, reserved 1048576K
}
Event: 59.950 GC heap after
{Heap after GC invocations=70 (full 0):
 garbage-first heap   total 183296K, used 135651K [0x00000000a0000000, 0x0000000100000000)
  region size 1024K, 1 young (1024K), 1 survivors (1024K)
 Metaspace       used 97417K, capacity 99883K, committed 100044K, reserved 1136640K
  class space    used 12457K, capacity 13255K, committed 13312K, reserved 1048576K
}
Event: 507.081 GC heap before
{Heap before GC invocations=70 (full 0):
 garbage-first heap   total 183296K, used 155107K [0x00000000a0000000, 0x0000000100000000)
  region size 1024K, 21 young (21504K), 1 survivors (1024K)
 Metaspace       used 97871K, capacity 100244K, committed 100300K, reserved 1136640K
  class space    used 12469K, capacity 13262K, committed 13312K, reserved 1048576K
}
Event: 507.157 GC heap after
{Heap after GC invocations=71 (full 0):
 garbage-first heap   total 183296K, used 137187K [0x00000000a0000000, 0x0000000100000000)
  region size 1024K, 3 young (3072K), 3 survivors (3072K)
 Metaspace       used 97871K, capacity 100244K, committed 100300K, reserved 1136640K
  class space    used 12469K, capacity 13262K, committed 13312K, reserved 1048576K
}
Event: 517.362 GC heap before
{Heap before GC invocations=71 (full 0):
 garbage-first heap   total 183296K, used 156643K [0x00000000a0000000, 0x0000000100000000)
  region size 1024K, 22 young (22528K), 3 survivors (3072K)
 Metaspace       used 98171K, capacity 100613K, committed 100812K, reserved 1136640K
  class space    used 12473K, capacity 13270K, committed 13312K, reserved 1048576K
}
Event: 517.387 GC heap after
{Heap after GC invocations=72 (full 0):
 garbage-first heap   total 183296K, used 140032K [0x00000000a0000000, 0x0000000100000000)
  region size 1024K, 3 young (3072K), 3 survivors (3072K)
 Metaspace       used 98171K, capacity 100613K, committed 100812K, reserved 1136640K
  class space    used 12473K, capacity 13270K, committed 13312K, reserved 1048576K
}

